<?xml version="1.0" encoding="UTF-8"?>
<!-- Generated by org.testng.reporters.JUnitXMLReporter -->
<testsuite ignored="5" hostname="KumarGaurav" failures="0" tests="2" name="Regression" time="0.062" errors="0" timestamp="2024-05-23T13:58:40 IST">
  <testcase classname="test.day2" name="mobileLoginCarLoan" time="0.006"/>
  <testcase classname="test.TestNG_Priority" name="test" time="0.001"/>
  <testcase classname="test.TestNG_Priority" name="apiMobile" time="0.0">
    <ignored/>
  </testcase> <!-- apiMobile -->
  <testcase classname="test.day2" name="loginAplCarLoan" time="0.0">
    <ignored/>
  </testcase> <!-- loginAplCarLoan -->
  <testcase classname="test.day1" name="m" time="0.0">
    <ignored/>
  </testcase> <!-- m -->
  <testcase classname="test.day1" name="m1" time="0.0">
    <ignored/>
  </testcase> <!-- m1 -->
  <testcase classname="test.day2" name="webLoginCarLoan" time="0.0">
    <ignored/>
  </testcase> <!-- webLoginCarLoan -->
</testsuite> <!-- Regression -->
