<?xml version="1.0" encoding="UTF-8"?>
<testng-results ignored="0" total="1" passed="1" failed="0" skipped="0">
  <reporter-output>
  </reporter-output>
  <suite started-at="2024-05-22T08:21:24 IST" name="Default suite" finished-at="2024-05-22T08:21:30 IST" duration-ms="6249">
    <groups>
    </groups>
    <test started-at="2024-05-22T08:21:24 IST" name="Default test" finished-at="2024-05-22T08:21:30 IST" duration-ms="6249">
      <class name="kumardemo.ExtentReport.ExtentReportDemo">
        <test-method is-config="true" signature="config()[pri:0, instance:kumardemo.ExtentReport.ExtentReportDemo@2ea41516]" started-at="2024-05-22T08:21:24 IST" name="config" finished-at="2024-05-22T08:21:24 IST" duration-ms="273" status="PASS">
          <reporter-output>
          </reporter-output>
        </test-method> <!-- config -->
        <test-method signature="initalDemo()[pri:0, instance:kumardemo.ExtentReport.ExtentReportDemo@2ea41516]" started-at="2024-05-22T08:21:24 IST" name="initalDemo" finished-at="2024-05-22T08:21:30 IST" duration-ms="5938" status="PASS">
          <reporter-output>
          </reporter-output>
        </test-method> <!-- initalDemo -->
      </class> <!-- kumardemo.ExtentReport.ExtentReportDemo -->
    </test> <!-- Default test -->
  </suite> <!-- Default suite -->
</testng-results>
