<?xml version="1.0" encoding="UTF-8"?>
<testng-results ignored="0" total="1" passed="1" failed="0" skipped="0">
  <reporter-output>
  </reporter-output>
  <suite started-at="2024-05-23T14:10:04 IST" name="Default suite" finished-at="2024-05-23T14:10:04 IST" duration-ms="48">
    <groups>
    </groups>
    <test started-at="2024-05-23T14:10:04 IST" name="Default test" finished-at="2024-05-23T14:10:04 IST" duration-ms="48">
      <class name="test.day3">
        <test-method is-config="true" signature="beforeSuite()[pri:0, instance:test.day3@bd4dc25]" started-at="2024-05-23T14:10:04 IST" name="beforeSuite" finished-at="2024-05-23T14:10:04 IST" duration-ms="7" status="PASS">
          <reporter-output>
          </reporter-output>
        </test-method> <!-- beforeSuite -->
        <test-method is-config="true" signature="beforeTest()[pri:0, instance:test.day3@bd4dc25]" started-at="2024-05-23T14:10:04 IST" name="beforeTest" finished-at="2024-05-23T14:10:04 IST" duration-ms="0" status="PASS">
          <reporter-output>
          </reporter-output>
        </test-method> <!-- beforeTest -->
        <test-method is-config="true" signature="beforeClass()[pri:0, instance:test.day3@bd4dc25]" started-at="2024-05-23T14:10:04 IST" name="beforeClass" finished-at="2024-05-23T14:10:04 IST" duration-ms="0" status="PASS">
          <reporter-output>
          </reporter-output>
        </test-method> <!-- beforeClass -->
        <test-method is-config="true" signature="beforeMethod()[pri:0, instance:test.day3@bd4dc25]" started-at="2024-05-23T14:10:04 IST" name="beforeMethod" finished-at="2024-05-23T14:10:04 IST" duration-ms="1" status="PASS">
          <reporter-output>
          </reporter-output>
        </test-method> <!-- beforeMethod -->
        <test-method signature="testCase()[pri:0, instance:test.day3@bd4dc25]" started-at="2024-05-23T14:10:04 IST" name="testCase" finished-at="2024-05-23T14:10:04 IST" duration-ms="5" status="PASS">
          <reporter-output>
          </reporter-output>
        </test-method> <!-- testCase -->
        <test-method is-config="true" signature="afterMethod()[pri:0, instance:test.day3@bd4dc25]" started-at="2024-05-23T14:10:04 IST" name="afterMethod" finished-at="2024-05-23T14:10:04 IST" duration-ms="1" status="PASS">
          <reporter-output>
          </reporter-output>
        </test-method> <!-- afterMethod -->
        <test-method is-config="true" signature="afterSuite()[pri:0, instance:test.day3@bd4dc25]" started-at="2024-05-23T14:10:04 IST" name="afterSuite" finished-at="2024-05-23T14:10:04 IST" duration-ms="1" status="PASS">
          <reporter-output>
          </reporter-output>
        </test-method> <!-- afterSuite -->
        <test-method is-config="true" signature="afterClass()[pri:0, instance:test.day3@bd4dc25]" started-at="2024-05-23T14:10:04 IST" name="afterClass" finished-at="2024-05-23T14:10:04 IST" duration-ms="0" status="PASS">
          <reporter-output>
          </reporter-output>
        </test-method> <!-- afterClass -->
        <test-method is-config="true" signature="afterTest()[pri:0, instance:test.day3@bd4dc25]" started-at="2024-05-23T14:10:04 IST" name="afterTest" finished-at="2024-05-23T14:10:04 IST" duration-ms="0" status="PASS">
          <reporter-output>
          </reporter-output>
        </test-method> <!-- afterTest -->
      </class> <!-- test.day3 -->
    </test> <!-- Default test -->
  </suite> <!-- Default suite -->
</testng-results>
